[2023-04-13 22:54:53] local.ERROR: The "--columns" option does not exist. {"exception":"[object] (Symfony\\Component\\Console\\Exception\\RuntimeException(code: 0): The \"--columns\" option does not exist. at C:\\Users\\Artem\\Desktop\\ddd\\minux\\vendor\\symfony\\console\\Input\\ArgvInput.php:217)
[stacktrace]
#0 C:\\Users\\Artem\\Desktop\\ddd\\minux\\vendor\\symfony\\console\\Input\\ArgvInput.php(144): Symfony\\Component\\Console\\Input\\ArgvInput->addLongOption()
#1 C:\\Users\\Artem\\Desktop\\ddd\\minux\\vendor\\symfony\\console\\Input\\ArgvInput.php(79): Symfony\\Component\\Console\\Input\\ArgvInput->parseLongOption()
#2 C:\\Users\\Artem\\Desktop\\ddd\\minux\\vendor\\symfony\\console\\Input\\ArgvInput.php(68): Symfony\\Component\\Console\\Input\\ArgvInput->parseToken()
#3 C:\\Users\\Artem\\Desktop\\ddd\\minux\\vendor\\symfony\\console\\Input\\Input.php(52): Symfony\\Component\\Console\\Input\\ArgvInput->parse()
#4 C:\\Users\\Artem\\Desktop\\ddd\\minux\\vendor\\symfony\\console\\Command\\Command.php(271): Symfony\\Component\\Console\\Input\\Input->bind()
#5 C:\\Users\\Artem\\Desktop\\ddd\\minux\\vendor\\laravel\\framework\\src\\Illuminate\\Console\\Command.php(163): Symfony\\Component\\Console\\Command\\Command->run()
#6 C:\\Users\\Artem\\Desktop\\ddd\\minux\\vendor\\symfony\\console\\Application.php(1022): Illuminate\\Console\\Command->run()
#7 C:\\Users\\Artem\\Desktop\\ddd\\minux\\vendor\\symfony\\console\\Application.php(314): Symfony\\Component\\Console\\Application->doRunCommand()
#8 C:\\Users\\Artem\\Desktop\\ddd\\minux\\vendor\\symfony\\console\\Application.php(168): Symfony\\Component\\Console\\Application->doRun()
#9 C:\\Users\\Artem\\Desktop\\ddd\\minux\\vendor\\laravel\\framework\\src\\Illuminate\\Console\\Application.php(102): Symfony\\Component\\Console\\Application->run()
#10 C:\\Users\\Artem\\Desktop\\ddd\\minux\\vendor\\laravel\\framework\\src\\Illuminate\\Foundation\\Console\\Kernel.php(155): Illuminate\\Console\\Application->run()
#11 C:\\Users\\Artem\\Desktop\\ddd\\minux\\artisan(35): Illuminate\\Foundation\\Console\\Kernel->handle()
#12 {main}
"} 
[2023-04-13 22:55:09] local.ERROR: The "--columns" option does not exist. {"exception":"[object] (Symfony\\Component\\Console\\Exception\\RuntimeException(code: 0): The \"--columns\" option does not exist. at C:\\Users\\Artem\\Desktop\\ddd\\minux\\vendor\\symfony\\console\\Input\\ArgvInput.php:217)
[stacktrace]
#0 C:\\Users\\Artem\\Desktop\\ddd\\minux\\vendor\\symfony\\console\\Input\\ArgvInput.php(144): Symfony\\Component\\Console\\Input\\ArgvInput->addLongOption()
#1 C:\\Users\\Artem\\Desktop\\ddd\\minux\\vendor\\symfony\\console\\Input\\ArgvInput.php(79): Symfony\\Component\\Console\\Input\\ArgvInput->parseLongOption()
#2 C:\\Users\\Artem\\Desktop\\ddd\\minux\\vendor\\symfony\\console\\Input\\ArgvInput.php(68): Symfony\\Component\\Console\\Input\\ArgvInput->parseToken()
#3 C:\\Users\\Artem\\Desktop\\ddd\\minux\\vendor\\symfony\\console\\Input\\Input.php(52): Symfony\\Component\\Console\\Input\\ArgvInput->parse()
#4 C:\\Users\\Artem\\Desktop\\ddd\\minux\\vendor\\symfony\\console\\Command\\Command.php(271): Symfony\\Component\\Console\\Input\\Input->bind()
#5 C:\\Users\\Artem\\Desktop\\ddd\\minux\\vendor\\laravel\\framework\\src\\Illuminate\\Console\\Command.php(163): Symfony\\Component\\Console\\Command\\Command->run()
#6 C:\\Users\\Artem\\Desktop\\ddd\\minux\\vendor\\symfony\\console\\Application.php(1022): Illuminate\\Console\\Command->run()
#7 C:\\Users\\Artem\\Desktop\\ddd\\minux\\vendor\\symfony\\console\\Application.php(314): Symfony\\Component\\Console\\Application->doRunCommand()
#8 C:\\Users\\Artem\\Desktop\\ddd\\minux\\vendor\\symfony\\console\\Application.php(168): Symfony\\Component\\Console\\Application->doRun()
#9 C:\\Users\\Artem\\Desktop\\ddd\\minux\\vendor\\laravel\\framework\\src\\Illuminate\\Console\\Application.php(102): Symfony\\Component\\Console\\Application->run()
#10 C:\\Users\\Artem\\Desktop\\ddd\\minux\\vendor\\laravel\\framework\\src\\Illuminate\\Foundation\\Console\\Kernel.php(155): Illuminate\\Console\\Application->run()
#11 C:\\Users\\Artem\\Desktop\\ddd\\minux\\artisan(35): Illuminate\\Foundation\\Console\\Kernel->handle()
#12 {main}
"} 
[2023-04-13 22:55:17] local.ERROR: The "--columns" option does not exist. {"exception":"[object] (Symfony\\Component\\Console\\Exception\\RuntimeException(code: 0): The \"--columns\" option does not exist. at C:\\Users\\Artem\\Desktop\\ddd\\minux\\vendor\\symfony\\console\\Input\\ArgvInput.php:217)
[stacktrace]
#0 C:\\Users\\Artem\\Desktop\\ddd\\minux\\vendor\\symfony\\console\\Input\\ArgvInput.php(144): Symfony\\Component\\Console\\Input\\ArgvInput->addLongOption()
#1 C:\\Users\\Artem\\Desktop\\ddd\\minux\\vendor\\symfony\\console\\Input\\ArgvInput.php(79): Symfony\\Component\\Console\\Input\\ArgvInput->parseLongOption()
#2 C:\\Users\\Artem\\Desktop\\ddd\\minux\\vendor\\symfony\\console\\Input\\ArgvInput.php(68): Symfony\\Component\\Console\\Input\\ArgvInput->parseToken()
#3 C:\\Users\\Artem\\Desktop\\ddd\\minux\\vendor\\symfony\\console\\Input\\Input.php(52): Symfony\\Component\\Console\\Input\\ArgvInput->parse()
#4 C:\\Users\\Artem\\Desktop\\ddd\\minux\\vendor\\symfony\\console\\Command\\Command.php(271): Symfony\\Component\\Console\\Input\\Input->bind()
#5 C:\\Users\\Artem\\Desktop\\ddd\\minux\\vendor\\laravel\\framework\\src\\Illuminate\\Console\\Command.php(163): Symfony\\Component\\Console\\Command\\Command->run()
#6 C:\\Users\\Artem\\Desktop\\ddd\\minux\\vendor\\symfony\\console\\Application.php(1022): Illuminate\\Console\\Command->run()
#7 C:\\Users\\Artem\\Desktop\\ddd\\minux\\vendor\\symfony\\console\\Application.php(314): Symfony\\Component\\Console\\Application->doRunCommand()
#8 C:\\Users\\Artem\\Desktop\\ddd\\minux\\vendor\\symfony\\console\\Application.php(168): Symfony\\Component\\Console\\Application->doRun()
#9 C:\\Users\\Artem\\Desktop\\ddd\\minux\\vendor\\laravel\\framework\\src\\Illuminate\\Console\\Application.php(102): Symfony\\Component\\Console\\Application->run()
#10 C:\\Users\\Artem\\Desktop\\ddd\\minux\\vendor\\laravel\\framework\\src\\Illuminate\\Foundation\\Console\\Kernel.php(155): Illuminate\\Console\\Application->run()
#11 C:\\Users\\Artem\\Desktop\\ddd\\minux\\artisan(35): Illuminate\\Foundation\\Console\\Kernel->handle()
#12 {main}
"} 
